android/app/build/intermediates/manifest_merge_blame_file/release/manifest-merger-blame-release-report.txt
1<?xml version="1.0" encoding="utf-8"?>
2<manifest xmlns:android="http://schemas.android.com/apk/res/android"
3    package="com.vendor"
4    android:versionCode="1"
5    android:versionName="1.0" >
6
7    <uses-sdk
8        android:minSdkVersion="21"
8-->src/main/AndroidManifest.xml
9        android:targetSdkVersion="30" />
9-->src/main/AndroidManifest.xml
10
11    <uses-permission android:name="android.permission.INTERNET" />
11-->src/main/AndroidManifest.xml:4:5-67
11-->src/main/AndroidManifest.xml:4:22-64
12    <uses-permission android:name="android.permission.WAKE_LOCK" />
12-->[:react-native-firebase_messaging] AndroidManifest.xml:10:5-68
12-->[:react-native-firebase_messaging] AndroidManifest.xml:10:22-65
13    <uses-permission android:name="android.permission.ACCESS_NETWORK_STATE" /> <!-- Required by older versions of Google Play services to create IID tokens -->
13-->[:react-native-firebase_messaging] AndroidManifest.xml:11:5-79
13-->[:react-native-firebase_messaging] AndroidManifest.xml:11:22-76
14    <uses-permission android:name="com.google.android.c2dm.permission.RECEIVE" /> <!-- for android -->
14-->[com.google.firebase:firebase-messaging:23.0.4] AndroidManifest.xml:28:5-82
14-->[com.google.firebase:firebase-messaging:23.0.4] AndroidManifest.xml:28:22-79
15    <!-- <uses-permission android:name="com.android.launcher.permission.READ_SETTINGS"/> -->
16    <!-- <uses-permission android:name="com.android.launcher.permission.WRITE_SETTINGS"/> -->
17    <!-- <uses-permission android:name="com.android.launcher.permission.INSTALL_SHORTCUT" /> -->
18    <!-- <uses-permission android:name="com.android.launcher.permission.UNINSTALL_SHORTCUT" /> -->
19    <!-- for Samsung -->
20    <uses-permission android:name="com.sec.android.provider.badge.permission.READ" />
20-->[me.leolin:ShortcutBadger:1.1.22] AndroidManifest.xml:19:5-86
20-->[me.leolin:ShortcutBadger:1.1.22] AndroidManifest.xml:19:22-83
21    <uses-permission android:name="com.sec.android.provider.badge.permission.WRITE" /> <!-- for htc -->
21-->[me.leolin:ShortcutBadger:1.1.22] AndroidManifest.xml:20:5-87
21-->[me.leolin:ShortcutBadger:1.1.22] AndroidManifest.xml:20:22-84
22    <uses-permission android:name="com.htc.launcher.permission.READ_SETTINGS" />
22-->[me.leolin:ShortcutBadger:1.1.22] AndroidManifest.xml:23:5-81
22-->[me.leolin:ShortcutBadger:1.1.22] AndroidManifest.xml:23:22-78
23    <uses-permission android:name="com.htc.launcher.permission.UPDATE_SHORTCUT" /> <!-- for sony -->
23-->[me.leolin:ShortcutBadger:1.1.22] AndroidManifest.xml:24:5-83
23-->[me.leolin:ShortcutBadger:1.1.22] AndroidManifest.xml:24:22-80
24    <uses-permission android:name="com.sonyericsson.home.permission.BROADCAST_BADGE" />
24-->[me.leolin:ShortcutBadger:1.1.22] AndroidManifest.xml:27:5-88
24-->[me.leolin:ShortcutBadger:1.1.22] AndroidManifest.xml:27:22-85
25    <uses-permission android:name="com.sonymobile.home.permission.PROVIDER_INSERT_BADGE" /> <!-- for apex -->
25-->[me.leolin:ShortcutBadger:1.1.22] AndroidManifest.xml:28:5-92
25-->[me.leolin:ShortcutBadger:1.1.22] AndroidManifest.xml:28:22-89
26    <uses-permission android:name="com.anddoes.launcher.permission.UPDATE_COUNT" /> <!-- for solid -->
26-->[me.leolin:ShortcutBadger:1.1.22] AndroidManifest.xml:31:5-84
26-->[me.leolin:ShortcutBadger:1.1.22] AndroidManifest.xml:31:22-81
27    <uses-permission android:name="com.majeur.launcher.permission.UPDATE_BADGE" /> <!-- for huawei -->
27-->[me.leolin:ShortcutBadger:1.1.22] AndroidManifest.xml:34:5-83
27-->[me.leolin:ShortcutBadger:1.1.22] AndroidManifest.xml:34:22-80
28    <uses-permission android:name="com.huawei.android.launcher.permission.CHANGE_BADGE" />
28-->[me.leolin:ShortcutBadger:1.1.22] AndroidManifest.xml:37:5-91
28-->[me.leolin:ShortcutBadger:1.1.22] AndroidManifest.xml:37:22-88
29    <uses-permission android:name="com.huawei.android.launcher.permission.READ_SETTINGS" />
29-->[me.leolin:ShortcutBadger:1.1.22] AndroidManifest.xml:38:5-92
29-->[me.leolin:ShortcutBadger:1.1.22] AndroidManifest.xml:38:22-89
30    <uses-permission android:name="com.huawei.android.launcher.permission.WRITE_SETTINGS" /> <!-- for ZUK -->
30-->[me.leolin:ShortcutBadger:1.1.22] AndroidManifest.xml:39:5-93
30-->[me.leolin:ShortcutBadger:1.1.22] AndroidManifest.xml:39:22-90
31    <uses-permission android:name="android.permission.READ_APP_BADGE" /> <!-- for OPPO -->
31-->[me.leolin:ShortcutBadger:1.1.22] AndroidManifest.xml:42:5-73
31-->[me.leolin:ShortcutBadger:1.1.22] AndroidManifest.xml:42:22-70
32    <uses-permission android:name="com.oppo.launcher.permission.READ_SETTINGS" />
32-->[me.leolin:ShortcutBadger:1.1.22] AndroidManifest.xml:45:5-82
32-->[me.leolin:ShortcutBadger:1.1.22] AndroidManifest.xml:45:22-79
33    <uses-permission android:name="com.oppo.launcher.permission.WRITE_SETTINGS" /> <!-- for EvMe -->
33-->[me.leolin:ShortcutBadger:1.1.22] AndroidManifest.xml:46:5-83
33-->[me.leolin:ShortcutBadger:1.1.22] AndroidManifest.xml:46:22-80
34    <uses-permission android:name="me.everything.badger.permission.BADGE_COUNT_READ" />
34-->[me.leolin:ShortcutBadger:1.1.22] AndroidManifest.xml:49:5-88
34-->[me.leolin:ShortcutBadger:1.1.22] AndroidManifest.xml:49:22-85
35    <uses-permission android:name="me.everything.badger.permission.BADGE_COUNT_WRITE" />
35-->[me.leolin:ShortcutBadger:1.1.22] AndroidManifest.xml:50:5-89
35-->[me.leolin:ShortcutBadger:1.1.22] AndroidManifest.xml:50:22-86
36
37    <application
37-->src/main/AndroidManifest.xml:6:5-24:19
38        android:name="com.vendor.MainApplication"
38-->src/main/AndroidManifest.xml:7:7-38
39        android:allowBackup="false"
39-->src/main/AndroidManifest.xml:11:7-34
40        android:appComponentFactory="androidx.core.app.CoreComponentFactory"
40-->[androidx.core:core:1.6.0] AndroidManifest.xml:24:18-86
41        android:icon="@mipmap/ic_launcher"
41-->src/main/AndroidManifest.xml:9:7-41
42        android:label="@string/app_name"
42-->src/main/AndroidManifest.xml:8:7-39
43        android:roundIcon="@mipmap/ic_launcher_round"
43-->src/main/AndroidManifest.xml:10:7-52
44        android:theme="@style/AppTheme" >
44-->src/main/AndroidManifest.xml:12:7-38
45        <activity
45-->src/main/AndroidManifest.xml:13:7-23:18
46            android:name="com.vendor.MainActivity"
46-->src/main/AndroidManifest.xml:14:9-37
47            android:configChanges="keyboard|keyboardHidden|orientation|screenSize|uiMode"
47-->src/main/AndroidManifest.xml:16:9-86
48            android:label="@string/app_name"
48-->src/main/AndroidManifest.xml:15:9-41
49            android:launchMode="singleTask"
49-->src/main/AndroidManifest.xml:17:9-40
50            android:windowSoftInputMode="adjustResize" >
50-->src/main/AndroidManifest.xml:18:9-51
51            <intent-filter>
51-->src/main/AndroidManifest.xml:19:9-22:25
52                <action android:name="android.intent.action.MAIN" />
52-->src/main/AndroidManifest.xml:20:13-65
52-->src/main/AndroidManifest.xml:20:21-62
53
54                <category android:name="android.intent.category.LAUNCHER" />
54-->src/main/AndroidManifest.xml:21:13-73
54-->src/main/AndroidManifest.xml:21:23-70
55            </intent-filter>
56        </activity>
57
58        <service android:name="io.invertase.firebase.messaging.ReactNativeFirebaseMessagingHeadlessService" />
58-->[:react-native-firebase_messaging] AndroidManifest.xml:14:9-111
58-->[:react-native-firebase_messaging] AndroidManifest.xml:14:18-108
59        <service
59-->[:react-native-firebase_messaging] AndroidManifest.xml:15:9-21:19
60            android:name="io.invertase.firebase.messaging.ReactNativeFirebaseMessagingService"
60-->[:react-native-firebase_messaging] AndroidManifest.xml:16:13-95
61            android:exported="false" >
61-->[:react-native-firebase_messaging] AndroidManifest.xml:17:13-37
62            <intent-filter>
62-->[:react-native-firebase_messaging] AndroidManifest.xml:18:13-20:29
63                <action android:name="com.google.firebase.MESSAGING_EVENT" />
63-->[:react-native-firebase_messaging] AndroidManifest.xml:19:17-78
63-->[:react-native-firebase_messaging] AndroidManifest.xml:19:25-75
64            </intent-filter>
65        </service>
66
67        <receiver
67-->[:react-native-firebase_messaging] AndroidManifest.xml:23:9-30:20
68            android:name="io.invertase.firebase.messaging.ReactNativeFirebaseMessagingReceiver"
68-->[:react-native-firebase_messaging] AndroidManifest.xml:24:13-96
69            android:exported="true"
69-->[:react-native-firebase_messaging] AndroidManifest.xml:25:13-36
70            android:permission="com.google.android.c2dm.permission.SEND" >
70-->[:react-native-firebase_messaging] AndroidManifest.xml:26:13-73
71            <intent-filter>
71-->[:react-native-firebase_messaging] AndroidManifest.xml:27:13-29:29
72                <action android:name="com.google.android.c2dm.intent.RECEIVE" />
72-->[:react-native-firebase_messaging] AndroidManifest.xml:28:17-81
72-->[:react-native-firebase_messaging] AndroidManifest.xml:28:25-78
73            </intent-filter>
74        </receiver>
75
76        <meta-data
76-->[:react-native-firebase_messaging] AndroidManifest.xml:32:9-34:36
77            android:name="firebase_messaging_auto_init_enabled"
77-->[:react-native-firebase_messaging] AndroidManifest.xml:33:13-64
78            android:value="true" />
78-->[:react-native-firebase_messaging] AndroidManifest.xml:34:13-33
79        <meta-data
79-->[:react-native-firebase_messaging] AndroidManifest.xml:35:9-37:32
80            android:name="com.google.firebase.messaging.default_notification_channel_id"
80-->[:react-native-firebase_messaging] AndroidManifest.xml:36:13-89
81            android:value="" />
81-->[:react-native-firebase_messaging] AndroidManifest.xml:37:13-29
82        <meta-data
82-->[:react-native-firebase_messaging] AndroidManifest.xml:38:9-40:47
83            android:name="com.google.firebase.messaging.default_notification_color"
83-->[:react-native-firebase_messaging] AndroidManifest.xml:39:13-84
84            android:resource="@color/white" />
84-->[:react-native-firebase_messaging] AndroidManifest.xml:40:13-44
85        <meta-data
85-->[:react-native-firebase_app] AndroidManifest.xml:10:9-12:36
86            android:name="app_data_collection_default_enabled"
86-->[:react-native-firebase_app] AndroidManifest.xml:11:13-63
87            android:value="true" />
87-->[:react-native-firebase_app] AndroidManifest.xml:12:13-33
88
89        <service
89-->[:react-native-firebase_app] AndroidManifest.xml:14:9-18:19
90            android:name="com.google.firebase.components.ComponentDiscoveryService"
90-->[:react-native-firebase_app] AndroidManifest.xml:14:18-89
91            android:directBootAware="true"
91-->[com.google.firebase:firebase-common:20.1.1] AndroidManifest.xml:35:13-43
92            android:exported="false" >
92-->[com.google.firebase:firebase-messaging:23.0.4] AndroidManifest.xml:54:13-37
93            <meta-data
93-->[:react-native-firebase_app] AndroidManifest.xml:15:13-17:85
94                android:name="com.google.firebase.components:io.invertase.firebase.app.ReactNativeFirebaseAppRegistrar"
94-->[:react-native-firebase_app] AndroidManifest.xml:16:17-120
95                android:value="com.google.firebase.components.ComponentRegistrar" />
95-->[:react-native-firebase_app] AndroidManifest.xml:17:17-82
96            <meta-data
96-->[com.google.firebase:firebase-messaging:23.0.4] AndroidManifest.xml:55:13-57:85
97                android:name="com.google.firebase.components:com.google.firebase.messaging.FirebaseMessagingRegistrar"
97-->[com.google.firebase:firebase-messaging:23.0.4] AndroidManifest.xml:56:17-119
98                android:value="com.google.firebase.components.ComponentRegistrar" />
98-->[com.google.firebase:firebase-messaging:23.0.4] AndroidManifest.xml:57:17-82
99            <meta-data
99-->[com.google.firebase:firebase-datatransport:18.1.3] AndroidManifest.xml:28:13-30:85
100                android:name="com.google.firebase.components:com.google.firebase.datatransport.TransportRegistrar"
100-->[com.google.firebase:firebase-datatransport:18.1.3] AndroidManifest.xml:29:17-115
101                android:value="com.google.firebase.components.ComponentRegistrar" />
101-->[com.google.firebase:firebase-datatransport:18.1.3] AndroidManifest.xml:30:17-82
102            <meta-data
102-->[com.google.firebase:firebase-installations:17.0.1] AndroidManifest.xml:18:13-20:85
103                android:name="com.google.firebase.components:com.google.firebase.installations.FirebaseInstallationsRegistrar"
103-->[com.google.firebase:firebase-installations:17.0.1] AndroidManifest.xml:19:17-127
104                android:value="com.google.firebase.components.ComponentRegistrar" />
104-->[com.google.firebase:firebase-installations:17.0.1] AndroidManifest.xml:20:17-82
105        </service>
106
107        <provider
107-->[:react-native-firebase_app] AndroidManifest.xml:20:9-24:38
108            android:name="io.invertase.firebase.app.ReactNativeFirebaseAppInitProvider"
108-->[:react-native-firebase_app] AndroidManifest.xml:21:13-88
109            android:authorities="com.vendor.reactnativefirebaseappinitprovider"
109-->[:react-native-firebase_app] AndroidManifest.xml:22:13-86
110            android:exported="false"
110-->[:react-native-firebase_app] AndroidManifest.xml:23:13-37
111            android:initOrder="99" />
111-->[:react-native-firebase_app] AndroidManifest.xml:24:13-35
112        <provider
112-->[:react-native-image-picker] AndroidManifest.xml:10:9-18:20
113            android:name="com.imagepicker.ImagePickerProvider"
113-->[:react-native-image-picker] AndroidManifest.xml:11:13-63
114            android:authorities="com.vendor.imagepickerprovider"
114-->[:react-native-image-picker] AndroidManifest.xml:12:13-71
115            android:exported="false"
115-->[:react-native-image-picker] AndroidManifest.xml:13:13-37
116            android:grantUriPermissions="true" >
116-->[:react-native-image-picker] AndroidManifest.xml:14:13-47
117            <meta-data
117-->[:react-native-image-picker] AndroidManifest.xml:15:13-17:70
118                android:name="android.support.FILE_PROVIDER_PATHS"
118-->[:react-native-image-picker] AndroidManifest.xml:16:17-67
119                android:resource="@xml/imagepicker_provider_paths" />
119-->[:react-native-image-picker] AndroidManifest.xml:17:17-67
120        </provider>
121
122        <receiver
122-->[com.google.firebase:firebase-messaging:23.0.4] AndroidManifest.xml:31:9-38:20
123            android:name="com.google.firebase.iid.FirebaseInstanceIdReceiver"
123-->[com.google.firebase:firebase-messaging:23.0.4] AndroidManifest.xml:32:13-78
124            android:exported="true"
124-->[com.google.firebase:firebase-messaging:23.0.4] AndroidManifest.xml:33:13-36
125            android:permission="com.google.android.c2dm.permission.SEND" >
125-->[com.google.firebase:firebase-messaging:23.0.4] AndroidManifest.xml:34:13-73
126            <intent-filter>
126-->[:react-native-firebase_messaging] AndroidManifest.xml:27:13-29:29
127                <action android:name="com.google.android.c2dm.intent.RECEIVE" />
127-->[:react-native-firebase_messaging] AndroidManifest.xml:28:17-81
127-->[:react-native-firebase_messaging] AndroidManifest.xml:28:25-78
128            </intent-filter>
129        </receiver>
130        <!--
131             FirebaseMessagingService performs security checks at runtime,
132             but set to not exported to explicitly avoid allowing another app to call it.
133        -->
134        <service
134-->[com.google.firebase:firebase-messaging:23.0.4] AndroidManifest.xml:44:9-51:19
135            android:name="com.google.firebase.messaging.FirebaseMessagingService"
135-->[com.google.firebase:firebase-messaging:23.0.4] AndroidManifest.xml:45:13-82
136            android:directBootAware="true"
136-->[com.google.firebase:firebase-messaging:23.0.4] AndroidManifest.xml:46:13-43
137            android:exported="false" >
137-->[com.google.firebase:firebase-messaging:23.0.4] AndroidManifest.xml:47:13-37
138            <intent-filter android:priority="-500" >
138-->[:react-native-firebase_messaging] AndroidManifest.xml:18:13-20:29
139                <action android:name="com.google.firebase.MESSAGING_EVENT" />
139-->[:react-native-firebase_messaging] AndroidManifest.xml:19:17-78
139-->[:react-native-firebase_messaging] AndroidManifest.xml:19:25-75
140            </intent-filter>
141        </service>
142        <service
142-->[com.google.android.datatransport:transport-backend-cct:3.1.4] AndroidManifest.xml:29:9-35:19
143            android:name="com.google.android.datatransport.runtime.backends.TransportBackendDiscovery"
143-->[com.google.android.datatransport:transport-backend-cct:3.1.4] AndroidManifest.xml:30:13-103
144            android:exported="false" >
144-->[com.google.android.datatransport:transport-backend-cct:3.1.4] AndroidManifest.xml:31:13-37
145            <meta-data
145-->[com.google.android.datatransport:transport-backend-cct:3.1.4] AndroidManifest.xml:32:13-34:39
146                android:name="backend:com.google.android.datatransport.cct.CctBackendFactory"
146-->[com.google.android.datatransport:transport-backend-cct:3.1.4] AndroidManifest.xml:33:17-94
147                android:value="cct" />
147-->[com.google.android.datatransport:transport-backend-cct:3.1.4] AndroidManifest.xml:34:17-36
148        </service>
149        <service
149-->[com.google.android.datatransport:transport-runtime:3.1.4] AndroidManifest.xml:26:9-30:19
150            android:name="com.google.android.datatransport.runtime.scheduling.jobscheduling.JobInfoSchedulerService"
150-->[com.google.android.datatransport:transport-runtime:3.1.4] AndroidManifest.xml:27:13-117
151            android:exported="false"
151-->[com.google.android.datatransport:transport-runtime:3.1.4] AndroidManifest.xml:28:13-37
152            android:permission="android.permission.BIND_JOB_SERVICE" >
152-->[com.google.android.datatransport:transport-runtime:3.1.4] AndroidManifest.xml:29:13-69
153        </service>
154
155        <receiver
155-->[com.google.android.datatransport:transport-runtime:3.1.4] AndroidManifest.xml:32:9-34:40
156            android:name="com.google.android.datatransport.runtime.scheduling.jobscheduling.AlarmManagerSchedulerBroadcastReceiver"
156-->[com.google.android.datatransport:transport-runtime:3.1.4] AndroidManifest.xml:33:13-132
157            android:exported="false" />
157-->[com.google.android.datatransport:transport-runtime:3.1.4] AndroidManifest.xml:34:13-37
158
159        <activity
159-->[com.google.android.gms:play-services-auth:20.1.0] AndroidManifest.xml:23:9-27:75
160            android:name="com.google.android.gms.auth.api.signin.internal.SignInHubActivity"
160-->[com.google.android.gms:play-services-auth:20.1.0] AndroidManifest.xml:24:13-93
161            android:excludeFromRecents="true"
161-->[com.google.android.gms:play-services-auth:20.1.0] AndroidManifest.xml:25:13-46
162            android:exported="false"
162-->[com.google.android.gms:play-services-auth:20.1.0] AndroidManifest.xml:26:13-37
163            android:theme="@android:style/Theme.Translucent.NoTitleBar" />
163-->[com.google.android.gms:play-services-auth:20.1.0] AndroidManifest.xml:27:13-72
164        <!--
165            Service handling Google Sign-In user revocation. For apps that do not integrate with
166            Google Sign-In, this service will never be started.
167        -->
168        <service
168-->[com.google.android.gms:play-services-auth:20.1.0] AndroidManifest.xml:33:9-37:51
169            android:name="com.google.android.gms.auth.api.signin.RevocationBoundService"
169-->[com.google.android.gms:play-services-auth:20.1.0] AndroidManifest.xml:34:13-89
170            android:exported="true"
170-->[com.google.android.gms:play-services-auth:20.1.0] AndroidManifest.xml:35:13-36
171            android:permission="com.google.android.gms.auth.api.signin.permission.REVOCATION_NOTIFICATION"
171-->[com.google.android.gms:play-services-auth:20.1.0] AndroidManifest.xml:36:13-107
172            android:visibleToInstantApps="true" />
172-->[com.google.android.gms:play-services-auth:20.1.0] AndroidManifest.xml:37:13-48
173
174        <activity
174-->[com.google.android.gms:play-services-base:18.0.1] AndroidManifest.xml:20:9-22:45
175            android:name="com.google.android.gms.common.api.GoogleApiActivity"
175-->[com.google.android.gms:play-services-base:18.0.1] AndroidManifest.xml:20:19-85
176            android:exported="false"
176-->[com.google.android.gms:play-services-base:18.0.1] AndroidManifest.xml:22:19-43
177            android:theme="@android:style/Theme.Translucent.NoTitleBar" />
177-->[com.google.android.gms:play-services-base:18.0.1] AndroidManifest.xml:21:19-78
178
179        <provider
179-->[com.google.firebase:firebase-common:20.1.1] AndroidManifest.xml:26:9-31:39
180            android:name="com.google.firebase.provider.FirebaseInitProvider"
180-->[com.google.firebase:firebase-common:20.1.1] AndroidManifest.xml:27:13-77
181            android:authorities="com.vendor.firebaseinitprovider"
181-->[com.google.firebase:firebase-common:20.1.1] AndroidManifest.xml:28:13-72
182            android:directBootAware="true"
182-->[com.google.firebase:firebase-common:20.1.1] AndroidManifest.xml:29:13-43
183            android:exported="false"
183-->[com.google.firebase:firebase-common:20.1.1] AndroidManifest.xml:30:13-37
184            android:initOrder="100" />
184-->[com.google.firebase:firebase-common:20.1.1] AndroidManifest.xml:31:13-36
185
186        <meta-data
186-->[com.google.android.gms:play-services-basement:18.0.0] AndroidManifest.xml:21:9-23:69
187            android:name="com.google.android.gms.version"
187-->[com.google.android.gms:play-services-basement:18.0.0] AndroidManifest.xml:22:13-58
188            android:value="@integer/google_play_services_version" />
188-->[com.google.android.gms:play-services-basement:18.0.0] AndroidManifest.xml:23:13-66
189    </application>
190
191</manifest>